<?xml version="1.0" encoding="UTF-8"?>
<!-- Generated by org.testng.reporters.JUnitXMLReporter -->
<testsuite ignored="0" hostname="CI-L100-20" failures="0" tests="2" name="UserJourner" time="14.1" errors="0" timestamp="2024-03-01T16:16:31 IST">
  <testcase classname="Practice.EcommerceWebsite.Tests.UserJourneyFlow1" name="E2EUserJourney" time="5.398"/>
  <testcase classname="Practice.EcommerceWebsite.Tests.UserJourneyFlow1" name="verifyOrderHistory" time="1.545"/>
</testsuite> <!-- UserJourner -->
