<?xml version="1.0" encoding="UTF-8"?>
<!-- Generated by org.testng.reporters.JUnitXMLReporter -->
<testsuite ignored="1" hostname="CI-L100-20" failures="0" tests="1" name="ErrorValidation" time="6.167" errors="0" timestamp="2024-03-02T07:57:33 IST">
  <testcase classname="Practice.EcommerceWebsite.Tests.ErrorValidation" name="ErrorCheck1" time="0.468"/>
  <testcase classname="Practice.EcommerceWebsite.Tests.ErrorValidation" name="ErrorCheck2" time="0.0">
    <ignored/>
  </testcase> <!-- ErrorCheck2 -->
</testsuite> <!-- ErrorValidation -->
