<?xml version="1.0" encoding="UTF-8"?>
<!-- Generated by org.testng.reporters.JUnitXMLReporter -->
<testsuite ignored="2" hostname="CI-L100-20" failures="0" tests="0" time="0.056" errors="0" timestamp="2024-03-02T07:57:27 IST">
  <testcase classname="Practice.EcommerceWebsite.Tests.UserJourneyFlow1" name="E2EUserJourney" time="0.0">
    <ignored/>
  </testcase> <!-- E2EUserJourney -->
  <testcase classname="Practice.EcommerceWebsite.Tests.UserJourneyFlow1" name="verifyOrderHistory" time="0.0">
    <ignored/>
  </testcase> <!-- verifyOrderHistory -->
</testsuite>
