<?xml version="1.0" encoding="UTF-8"?>
<testng-results ignored="0" total="1" passed="1" failed="0" skipped="0">
  <reporter-output>
  </reporter-output>
  <suite started-at="2024-03-02T07:57:27 IST" name="Suite" finished-at="2024-03-02T07:57:33 IST" duration-ms="6167">
    <groups>
      <group name="Errorhandling">
        <method signature="ErrorValidation.ErrorCheck1()[pri:0, instance:Practice.EcommerceWebsite.Tests.ErrorValidation@67f639d3]" name="ErrorCheck1" class="Practice.EcommerceWebsite.Tests.ErrorValidation"/>
      </group> <!-- Errorhandling -->
    </groups>
    <test started-at="2024-03-02T07:57:27 IST" name="UserJourney" finished-at="2024-03-02T07:57:27 IST" duration-ms="56">
    </test> <!-- UserJourney -->
    <test started-at="2024-03-02T07:57:27 IST" name="ErrorValidation" finished-at="2024-03-02T07:57:33 IST" duration-ms="6167">
      <class name="Practice.EcommerceWebsite.Tests.ErrorValidation">
        <test-method is-config="true" signature="launchApplication()[pri:0, instance:Practice.EcommerceWebsite.Tests.ErrorValidation@67f639d3]" started-at="2024-03-02T07:57:27 IST" name="launchApplication" finished-at="2024-03-02T07:57:32 IST" duration-ms="4933" status="PASS">
          <reporter-output>
          </reporter-output>
        </test-method> <!-- launchApplication -->
        <test-method signature="ErrorCheck1()[pri:0, instance:Practice.EcommerceWebsite.Tests.ErrorValidation@67f639d3]" started-at="2024-03-02T07:57:32 IST" name="ErrorCheck1" finished-at="2024-03-02T07:57:33 IST" duration-ms="468" status="PASS">
          <reporter-output>
          </reporter-output>
        </test-method> <!-- ErrorCheck1 -->
        <test-method is-config="true" signature="closeBrowser()[pri:0, instance:Practice.EcommerceWebsite.Tests.ErrorValidation@67f639d3]" started-at="2024-03-02T07:57:33 IST" name="closeBrowser" finished-at="2024-03-02T07:57:33 IST" duration-ms="615" status="PASS">
          <reporter-output>
          </reporter-output>
        </test-method> <!-- closeBrowser -->
      </class> <!-- Practice.EcommerceWebsite.Tests.ErrorValidation -->
    </test> <!-- ErrorValidation -->
  </suite> <!-- Suite -->
</testng-results>
