<?xml version="1.0" encoding="UTF-8"?>
<testng-results ignored="0" total="1" passed="1" failed="0" skipped="0">
  <reporter-output>
  </reporter-output>
  <suite started-at="2024-03-02T21:01:02 IST" name="Suite" finished-at="2024-03-02T21:01:14 IST" duration-ms="11864">
    <groups>
      <group name="Errorhandling">
        <method signature="ErrorValidation.ErrorCheck1()[pri:0, instance:Practice.EcommerceWebsite.Tests.ErrorValidation@7c7b252e]" name="ErrorCheck1" class="Practice.EcommerceWebsite.Tests.ErrorValidation"/>
      </group> <!-- Errorhandling -->
    </groups>
    <test started-at="2024-03-02T21:01:02 IST" name="UserJourney" finished-at="2024-03-02T21:01:02 IST" duration-ms="28">
    </test> <!-- UserJourney -->
    <test started-at="2024-03-02T21:01:02 IST" name="ErrorValidation" finished-at="2024-03-02T21:01:14 IST" duration-ms="11864">
      <class name="Practice.EcommerceWebsite.Tests.ErrorValidation">
        <test-method is-config="true" signature="launchApplication()[pri:0, instance:Practice.EcommerceWebsite.Tests.ErrorValidation@7c7b252e]" started-at="2024-03-02T21:01:02 IST" name="launchApplication" finished-at="2024-03-02T21:01:12 IST" duration-ms="9631" status="PASS">
          <reporter-output>
          </reporter-output>
        </test-method> <!-- launchApplication -->
        <test-method signature="ErrorCheck1()[pri:0, instance:Practice.EcommerceWebsite.Tests.ErrorValidation@7c7b252e]" started-at="2024-03-02T21:01:12 IST" name="ErrorCheck1" finished-at="2024-03-02T21:01:13 IST" duration-ms="1371" status="PASS">
          <reporter-output>
          </reporter-output>
        </test-method> <!-- ErrorCheck1 -->
        <test-method is-config="true" signature="closeBrowser()[pri:0, instance:Practice.EcommerceWebsite.Tests.ErrorValidation@7c7b252e]" started-at="2024-03-02T21:01:13 IST" name="closeBrowser" finished-at="2024-03-02T21:01:14 IST" duration-ms="756" status="PASS">
          <reporter-output>
          </reporter-output>
        </test-method> <!-- closeBrowser -->
      </class> <!-- Practice.EcommerceWebsite.Tests.ErrorValidation -->
    </test> <!-- ErrorValidation -->
  </suite> <!-- Suite -->
</testng-results>
